T85A4 000:001.012   SEGGER J-Link V8.12c Log File
T85A4 000:001.115   DLL Compiled: Jan 22 2025 12:55:59
T85A4 000:001.129   Logging started @ 2025-05-04 10:06
T85A4 000:001.143   Process: C:\Users\a8456\.eclipse\com.renesas.platform_1309835749\DebugComp\RA\e2-server-gdb.exe
T85A4 000:001.160 - 1.156ms 
T85A4 000:001.180 JLINK_GetDLLVersion()
T85A4 000:001.194 - 0.014ms returns 81203
T85A4 000:002.779 JLINK_OpenEx(...)
T85A4 000:009.248   Firmware: J-Link V9 compiled May  7 2021 16:26:12
T85A4 000:009.830   Firmware: J-Link V9 compiled May  7 2021 16:26:12
T85A4 000:010.075   Decompressing FW timestamp took 152 us
T85A4 000:015.928   Hardware: V9.60
T85A4 000:016.025   S/N: 69660718
T85A4 000:016.067   OEM: SEGGER
T85A4 000:016.234   Feature(s): RDI, GDB, FlashDL, FlashBP, JFlash
T85A4 000:016.695   Bootloader: (FW returned invalid version)
T85A4 000:017.437   TELNET listener socket opened on port 19021
T85A4 000:017.586   WEBSRV WEBSRV_Init(): Starting webserver thread(s)
T85A4 000:017.771   WEBSRV Webserver running on local port 19080
T85A4 000:017.887   Looking for J-Link GUI Server exe at: C:\Users\a8456\.eclipse\com.renesas.platform_1309835749\DebugComp\RA\ARM\Segger_v8.12.3\JLinkGUIServer.exe
T85A4 000:018.001   Looking for J-Link GUI Server exe at: C:\Program Files\SEGGER\JLink_V818\JLinkGUIServer.exe
T85A4 000:018.028   Forking J-Link GUI Server: C:\Program Files\SEGGER\JLink_V818\JLinkGUIServer.exe
T85A4 000:041.318   J-Link GUI Server info: "J-Link GUI server V8.18 "
T85A4 000:044.161 - 41.375ms returns "O.K."
T85A4 000:044.272 JLINK_ExecCommand("ProjectFile=C:\Users\a8456\e2_studio\workspace_5.8\RA4M2_VL53L4CD_Project1/RA4M2_VL53L4CD_Project1 Debug_Flat.jlink", ...). 
T85A4 000:066.959 - 22.691ms returns 0x00
T85A4 000:067.192 JLINK_ExecCommand("device=R7FA4M2AD", ...). 
T85A4 000:067.324   Flash bank @ 0x0100A100: SFL: Parsing sectorization info from ELF file
T85A4 000:067.334     FlashDevice.SectorInfo[0]: .SectorSize = 0x00000010, .SectorStartAddr = 0x00000000
T85A4 000:067.343   FlashBank @0x0100A100: Sectorization info from SFL ELF file ignored because sectorization override from DLL / XML file is active.
T85A4 000:067.525   Flash bank @ 0x60000000: SFL: Parsing sectorization info from ELF file
T85A4 000:067.536     FlashDevice.SectorInfo[0]: .SectorSize = 0x00010000, .SectorStartAddr = 0x00000000
T85A4 000:070.172   Device "R7FA4M2AD" selected.
T85A4 000:070.408 - 3.206ms returns 0x00
T85A4 000:070.442 JLINK_TIF_GetAvailable(...)
T85A4 000:070.627 - 0.185ms 
T85A4 000:070.637 JLINK_TIF_Select(JLINKARM_TIF_SWD)
T85A4 000:071.187 - 0.549ms returns 0x00
T85A4 000:071.215 JLINK_SetSpeed(4000)
T85A4 000:071.318 - 0.111ms 
T85A4 000:071.335 JLINK_ReadMem(0xE000EDF0, 0x4 Bytes, ...)
T85A4 000:071.479   ConfigTargetSettings() start
T85A4 000:071.491    J-Link Script File: Executing ConfigTargetSettings()
T85A4 000:071.499   Configuring FlashDLNoRMWThreshold=0x200 in order to make sure that option bytes programming is done via read-modify-write
T85A4 000:075.872   ConfigTargetSettings() end - Took 4.38ms
T85A4 000:075.884   InitTarget() start
T85A4 000:075.892    J-Link Script File: Executing InitTarget()
T85A4 000:075.898   SWD selected. Executing JTAG -> SWD switching sequence.
T85A4 000:077.230   DAP initialized successfully.
T85A4 000:077.244   Determining TrustZone configuration...
T85A4 000:077.922     Secure Debug: Enabled (SSD)
T85A4 000:077.957   Determining currently configured transfer type by reading the AHB-AP CSW register.
T85A4 000:078.569     --> Correct transfer type configured. Done.
T85A4 000:078.584   InitTarget() end - Took 2.69ms
T85A4 000:079.087   Found SW-DP with ID 0x6BA02477
T85A4 000:080.694   DPIDR: 0x6BA02477
T85A4 000:080.712   CoreSight SoC-400 or earlier
T85A4 000:080.720   Scanning AP map to find all available APs
T85A4 000:081.450   AP[2]: Stopped AP scan as end of AP map has been reached
T85A4 000:081.490   AP[0]: AHB-AP (IDR: 0x84770001, ADDR: 0x00000000)
T85A4 000:081.504   AP[1]: APB-AP (IDR: 0x54770002, ADDR: 0x01000000)
T85A4 000:081.512   Iterating through AP map to find AHB-AP to use
T85A4 000:082.292   AP[0]: Core found
T85A4 000:082.309   AP[0]: AHB-AP ROM base: 0xE00FE000
T85A4 000:082.628   CPUID register: 0x410FD214. Implementer code: 0x41 (ARM)
T85A4 000:082.641   Feature set: Mainline
T85A4 000:082.997   Cache: No cache
T85A4 000:083.008   Found Cortex-M33 r0p4, Little endian.
T85A4 000:083.234   -- Max. mem block: 0x00010C40
T85A4 000:083.678   
  ***** Warning: 
T85A4 000:083.686   Cortex-M (ARMv8-M and later): The connected J-Link (S/N 69660718) uses an old firmware module that does not handle I/D-cache correctly. Proper debugging functionality cannot be guaranteed if cache is enabled
T85A4 000:083.699   CPU_ReadMem(4 bytes @ 0xE000EDF0)
T85A4 000:083.931   CPU_WriteMem(4 bytes @ 0xE000EDF0)
T85A4 000:084.203   CPU_ReadMem(4 bytes @ 0xE0002000)
T85A4 000:084.427   FPUnit: 8 code (BP) slots and 0 literal slots
T85A4 000:084.436   CPU_ReadMem(4 bytes @ 0xE000EDFC)
T85A4 000:084.657   CPU_WriteMem(4 bytes @ 0xE000EDFC)
T85A4 000:084.889   CPU_ReadMem(4 bytes @ 0xE0001000)
T85A4 000:085.120   CPU_ReadMem(4 bytes @ 0xE0001000)
T85A4 000:085.342   CPU_ReadMem(4 bytes @ 0xE0001028)
T85A4 000:085.563   CPU_ReadMem(4 bytes @ 0xE0001038)
T85A4 000:085.800   CPU_ReadMem(4 bytes @ 0xE0001048)
T85A4 000:086.053   CPU_ReadMem(4 bytes @ 0xE0001058)
T85A4 000:086.324   CPU_WriteMem(4 bytes @ 0xE0001000)
T85A4 000:086.625   CPU_ReadMem(4 bytes @ 0xE000ED88)
T85A4 000:086.883   CPU_WriteMem(4 bytes @ 0xE000ED88)
T85A4 000:087.123   CPU_ReadMem(4 bytes @ 0xE000ED88)
T85A4 000:087.348   CPU_WriteMem(4 bytes @ 0xE000ED88)
T85A4 000:087.614   CPU_ReadMem(4 bytes @ 0xE000EFB8)
T85A4 000:087.931   Security extension: implemented
T85A4 000:087.954   Secure debug: enabled
T85A4 000:087.962   CoreSight components:
T85A4 000:087.970   ROMTbl[0] @ E00FE000
T85A4 000:087.979   CPU_ReadMem(64 bytes @ 0xE00FE000)
T85A4 000:088.517   CPU_ReadMem(32 bytes @ 0xE0044FE0)
T85A4 000:088.902   CPU_ReadMem(4 bytes @ 0xE0044FBC)
T85A4 000:089.157   CPU_ReadMem(4 bytes @ 0xE0044FCC)
T85A4 000:089.380   [0][0]: E0044000 CID B105900D PID 005BB906 DEVARCH 00000000 DEVTYPE 14 CTI (?)
T85A4 000:089.390   CPU_ReadMem(32 bytes @ 0xE0047FE0)
T85A4 000:089.760   CPU_ReadMem(4 bytes @ 0xE0047FBC)
T85A4 000:090.066   CPU_ReadMem(4 bytes @ 0xE0047FCC)
T85A4 000:090.303   [0][1]: E0047000 CID B105900D PID 003BB908 DEVARCH 00000000 DEVTYPE 12 CSTF
T85A4 000:090.313   CPU_ReadMem(32 bytes @ 0xE0048FE0)
T85A4 000:090.674   CPU_ReadMem(4 bytes @ 0xE0048FBC)
T85A4 000:090.888   CPU_ReadMem(4 bytes @ 0xE0048FCC)
T85A4 000:091.124   [0][2]: E0048000 CID B105900D PID 001BB961 DEVARCH 00000000 DEVTYPE 21 TMC
T85A4 000:091.140   CPU_ReadMem(32 bytes @ 0xE0049FE0)
T85A4 000:091.488   [0][3]: E0049000 CID B105F00D PID 001BB101 TSG
T85A4 000:091.497   CPU_ReadMem(32 bytes @ 0xE0040FE0)
T85A4 000:091.916   CPU_ReadMem(4 bytes @ 0xE0040FBC)
T85A4 000:092.210   CPU_ReadMem(4 bytes @ 0xE0040FCC)
T85A4 000:092.437   [0][4]: E0040000 CID B105900D PID 000BBD21 DEVARCH 00000000 DEVTYPE 11 TPIU
T85A4 000:092.446   CPU_ReadMem(32 bytes @ 0xE00FFFE0)
T85A4 000:092.795   [0][5]: E00FF000 CID B105100D PID 000BB4C9 ROM Table
T85A4 000:092.805   ROMTbl[1] @ E00FF000
T85A4 000:092.813   CPU_ReadMem(64 bytes @ 0xE00FF000)
T85A4 000:093.336   CPU_ReadMem(32 bytes @ 0xE000EFE0)
T85A4 000:093.714   CPU_ReadMem(4 bytes @ 0xE000EFBC)
T85A4 000:093.980   CPU_ReadMem(4 bytes @ 0xE000EFCC)
T85A4 000:094.210   [1][0]: E000E000 CID B105900D PID 000BBD21 DEVARCH 47702A04 DEVTYPE 00 Cortex-M33
T85A4 000:094.227   CPU_ReadMem(32 bytes @ 0xE0001FE0)
T85A4 000:094.596   CPU_ReadMem(4 bytes @ 0xE0001FBC)
T85A4 000:094.935   CPU_ReadMem(4 bytes @ 0xE0001FCC)
T85A4 000:095.249   [1][1]: E0001000 CID B105900D PID 000BBD21 DEVARCH 47701A02 DEVTYPE 00 DWT
T85A4 000:095.280   CPU_ReadMem(32 bytes @ 0xE0002FE0)
T85A4 000:095.682   CPU_ReadMem(4 bytes @ 0xE0002FBC)
T85A4 000:096.106   CPU_ReadMem(4 bytes @ 0xE0002FCC)
T85A4 000:096.392   [1][2]: E0002000 CID B105900D PID 000BBD21 DEVARCH 47701A03 DEVTYPE 00 FPB
T85A4 000:096.504   CPU_ReadMem(32 bytes @ 0xE0000FE0)
T85A4 000:096.913   CPU_ReadMem(4 bytes @ 0xE0000FBC)
T85A4 000:097.185   CPU_ReadMem(4 bytes @ 0xE0000FCC)
T85A4 000:097.488   [1][3]: E0000000 CID B105900D PID 000BBD21 DEVARCH 47701A01 DEVTYPE 43 ITM
T85A4 000:097.506   CPU_ReadMem(32 bytes @ 0xE0041FE0)
T85A4 000:097.928   CPU_ReadMem(4 bytes @ 0xE0041FBC)
T85A4 000:098.183   CPU_ReadMem(4 bytes @ 0xE0041FCC)
T85A4 000:098.414   [1][5]: E0041000 CID B105900D PID 002BBD21 DEVARCH 47724A13 DEVTYPE 13 ETM
T85A4 000:098.423   CPU_ReadMem(32 bytes @ 0xE0042FE0)
T85A4 000:098.782   CPU_ReadMem(4 bytes @ 0xE0042FBC)
T85A4 000:099.066   CPU_ReadMem(4 bytes @ 0xE0042FCC)
T85A4 000:099.346   [1][6]: E0042000 CID B105900D PID 000BBD21 DEVARCH 47701A14 DEVTYPE 14 CSS600-CTI
T85A4 000:099.393   CPU_ReadMem(4 bytes @ 0xE000EDF0)
T85A4 000:099.622   Data:  01 00 10 01
T85A4 000:099.646   Debug reg: DHCSR
T85A4 000:099.662 - 28.326ms returns 0
T85A4 000:099.729 JLINK_ReadMem(0x400E002C, 0x4 Bytes, ...)
T85A4 000:099.743   CPU_ReadMem(4 bytes @ 0x400E002C)
T85A4 000:100.064   Data:  01 00 00 00
T85A4 000:100.075 - 0.347ms returns 0
T85A4 000:100.104 JLINK_ReadMem(0xE000EDF0, 0x4 Bytes, ...)
T85A4 000:100.112   CPU_ReadMem(4 bytes @ 0xE000EDF0)
T85A4 000:100.332   Data:  01 00 10 01
T85A4 000:100.340   Debug reg: DHCSR
T85A4 000:100.348 - 0.243ms returns 0
T85A4 000:100.368 JLINK_ReadMem(0xE000EDF0, 0x4 Bytes, ...)
T85A4 000:100.374   CPU_ReadMem(4 bytes @ 0xE000EDF0)
T85A4 000:100.603   Data:  01 00 10 01
T85A4 000:100.618   Debug reg: DHCSR
T85A4 000:100.626 - 0.258ms returns 0
T85A4 000:100.635 JLINK_ReadMem(0x400E001C, 0x4 Bytes, ...)
T85A4 000:100.644   CPU_ReadMem(4 bytes @ 0x400E001C)
T85A4 000:100.886   Data:  00 FC FF 00
T85A4 000:100.919 - 0.283ms returns 0
T85A4 000:100.931 JLINK_ReadMem(0xE000EDF0, 0x4 Bytes, ...)
T85A4 000:100.939   CPU_ReadMem(4 bytes @ 0xE000EDF0)
T85A4 000:101.160   Data:  01 00 10 01
T85A4 000:101.168   Debug reg: DHCSR
T85A4 000:101.176 - 0.245ms returns 0
T85A4 000:101.183 JLINK_ReadMem(0x400E0018, 0x4 Bytes, ...)
T85A4 000:101.189   CPU_ReadMem(4 bytes @ 0x400E0018)
T85A4 000:101.425   Data:  00 80 FF 00
T85A4 000:101.433 - 0.250ms returns 0
T85A4 000:101.441 JLINK_ReadMem(0xE000EDF0, 0x4 Bytes, ...)
T85A4 000:101.447   CPU_ReadMem(4 bytes @ 0xE000EDF0)
T85A4 000:101.684   Data:  01 00 10 01
T85A4 000:101.692   Debug reg: DHCSR
T85A4 000:101.700 - 0.258ms returns 0
T85A4 000:101.707 JLINK_ReadMem(0x400E0020, 0x4 Bytes, ...)
T85A4 000:101.712   CPU_ReadMem(4 bytes @ 0x400E0020)
T85A4 000:101.923   Data:  00 FC 00 00
T85A4 000:101.936 - 0.229ms returns 0
T85A4 000:101.948 JLINK_ReadMem(0xE000EDF0, 0x4 Bytes, ...)
T85A4 000:101.956   CPU_ReadMem(4 bytes @ 0xE000EDF0)
T85A4 000:102.201   Data:  01 00 10 01
T85A4 000:102.215   Debug reg: DHCSR
T85A4 000:102.223 - 0.275ms returns 0
T85A4 000:102.232 JLINK_ReadMem(0x400E0028, 0x4 Bytes, ...)
T85A4 000:102.240   CPU_ReadMem(4 bytes @ 0x400E0028)
T85A4 000:102.459   Data:  00 FC 1F 00
T85A4 000:102.467 - 0.235ms returns 0
T85A4 000:102.477 JLINK_ReadMem(0xE000EDF0, 0x4 Bytes, ...)
T85A4 000:102.483   CPU_ReadMem(4 bytes @ 0xE000EDF0)
T85A4 000:102.702   Data:  01 00 10 01
T85A4 000:102.730   Debug reg: DHCSR
T85A4 000:102.740 - 0.263ms returns 0
T85A4 000:102.748 JLINK_ReadMem(0x400E0024, 0x4 Bytes, ...)
T85A4 000:102.756   CPU_ReadMem(4 bytes @ 0x400E0024)
T85A4 000:103.065   Data:  00 E0 1F 00
T85A4 000:103.077 - 0.328ms returns 0
T85A4 000:103.087 JLINK_ReadMem(0xE000EDF0, 0x4 Bytes, ...)
T85A4 000:103.095   CPU_ReadMem(4 bytes @ 0xE000EDF0)
T85A4 000:103.371   Data:  01 00 10 01
T85A4 000:103.383   Debug reg: DHCSR
T85A4 000:103.392 - 0.304ms returns 0
T85A4 000:103.400 JLINK_ReadMem(0x400E002C, 0x4 Bytes, ...)
T85A4 000:103.407   CPU_ReadMem(4 bytes @ 0x400E002C)
T85A4 000:103.639   Data:  01 00 00 00
T85A4 000:103.652 - 0.252ms returns 0
T85A4 000:113.004 JLINK_Close()
T85A4 000:126.512 - 13.508ms
T85A4 000:126.534   
T85A4 000:126.540   Closed
